<?xml version="1.0" encoding="UTF-8"?><testsuite errors="0" failures="0" name="uk.co.jemos.podam.test.unit.features.memoization.MemoizationTest" skipped="0" tests="7" time="1.03" timestamp="2017-10-293 05:32:32"><testcase classname="uk.co.jemos.podam.test.unit.features.memoization.MemoizationTest" name="When memoization is set to false Podam should return different instances for different invocations"/><testcase classname="uk.co.jemos.podam.test.unit.features.memoization.MemoizationTest" name="When memoization is set to true Podam should return the same instance for different invocations"/><testcase classname="uk.co.jemos.podam.test.unit.features.memoization.MemoizationTest" name="When memoization cache is cleared then objects should not be equal"/><testcase classname="uk.co.jemos.podam.test.unit.features.memoization.MemoizationTest" name="Memoization should work correctly for collections and arrays"/><testcase classname="uk.co.jemos.podam.test.unit.features.memoization.MemoizationTest" name="Memoization should work for recursive Pojos"/><testcase classname="uk.co.jemos.podam.test.unit.features.memoization.MemoizationTest" name="Memoization should work with Generics"/><testcase classname="uk.co.jemos.podam.test.unit.features.memoization.MemoizationTest" name="Even when memoization is true, if generics Pojos have different types, objects should not be equal"/></testsuite>