<?xml version="1.0" encoding="UTF-8"?><testsuite errors="0" failures="0" name="uk.co.jemos.podam.test.unit.features.extensions.ExtensionsTest" skipped="0" tests="4" time="1.36" timestamp="2017-10-293 05:39:32"><testcase classname="uk.co.jemos.podam.test.unit.features.extensions.ExtensionsTest" name="Podam should create POJOs in accordance with custom data provider strategies"/><testcase classname="uk.co.jemos.podam.test.unit.features.extensions.ExtensionsTest" name="Podam should create Timestamp with the custom type manufacturer"/><testcase classname="uk.co.jemos.podam.test.unit.features.extensions.ExtensionsTest" name="Podam should create InputStream with the custom type manufacturer"/><testcase classname="uk.co.jemos.podam.test.unit.features.extensions.ExtensionsTest" name="Podam should fill AttributeMetadata with the attribute name"/></testsuite>