<?xml version="1.0" encoding="UTF-8"?><testsuite errors="0" failures="0" name="uk.co.jemos.podam.test.unit.features.validatorFramework.ValidatedPojoTest" skipped="0" tests="4" time="1.1" timestamp="2017-10-293 05:32:47"><testcase classname="uk.co.jemos.podam.test.unit.features.validatorFramework.ValidatedPojoTest" name="When the @Digits and @DecimalMin and @DecimalMax applied to the same field, Podam should use minimum requirements"/><testcase classname="uk.co.jemos.podam.test.unit.features.validatorFramework.ValidatedPojoTest" name="Podam should allow validation annotations customization"/><testcase classname="uk.co.jemos.podam.test.unit.features.validatorFramework.ValidatedPojoTest" name="When the @Size annotation doesn't have a max length specified, Podam should assign a sensible value"/><testcase classname="uk.co.jemos.podam.test.unit.features.validatorFramework.ValidatedPojoTest" name="Podam should be able to fulfill most of the javax Validation framework"/></testsuite>